2025-09-06 08:58:09 [info]: GET /user/64dcbaad0a05c8bec2af820a
2025-09-08 11:40:00 [info]: POST /api/users
2025-09-08 11:40:00 [info]: POST /api/products
2025-09-08 11:40:06 [info]: GET /api/products
2025-09-08 11:50:37 [info]: POST /api/products
2025-09-08 11:50:37 [info]: POST /api/users
2025-09-08 11:50:37 [info]: GET /api/products
2025-09-08 06:21:53 [info]: GET /user/64dcbaad0a05c8bec2af820a
2025-09-08 11:56:52 [info]: POST /api/users
2025-09-08 11:56:52 [info]: POST /products
2025-09-08 11:56:52 [info]: GET /products
2025-09-08 12:11:17 [info]: POST /products
2025-09-08 12:11:17 [info]: GET /products
2025-09-08 12:11:17 [info]: POST /users
2025-09-08 12:15:37 [info]: POST /product
2025-09-08 12:15:37 [info]: POST /user
2025-09-08 12:15:37 [info]: GET /product
2025-09-08 12:23:33 [info]: POST /product/add
2025-09-08 12:23:33 [info]: POST /user/add
2025-09-08 12:23:33 [info]: GET /product
